###############################################################################
#                                                                             #
# IAR C/C++ Compiler V8.10.1.10194/W32 for 8051         11/Nov/2024  17:28:41 #
# Copyright 2004-2011 IAR Systems AB.                                         #
#                                                                             #
#    Core               =  plain                                              #
#    Code model         =  banked                                             #
#    Data model         =  large                                              #
#    Calling convention =  xdata reentrant                                    #
#    Constant location  =  data_rom                                           #
#    Dptr setup         =  1,16                                               #
#    Source file        =  E:\¿Î³Ì×¼±¸\´«¸ÐÆ÷Óë´«¸ÐÍø\´«¸ÐÆ÷Óë´«¸ÐÍø\ZStack-C #
#                          C2530-Best\Projects\zstack\Samples\GenericApp\Sour #
#                          ce\GenericApp.c                                    #
#    Command line       =  -f E:\¿Î³Ì×¼±¸\´«¸ÐÆ÷Óë´«¸ÐÍø\´«¸ÐÆ÷Óë´«¸ÐÍø\ZStac #
#                          k-CC2530-Best\Projects\zstack\Samples\GenericApp\C #
#                          C2530DB\..\..\..\Tools\CC2530DB\f8wCoord.cfg       #
#                          (-DCPU32MHZ -DROOT=__near_func                     #
#                          -DMAC_CFG_APP_PENDING_QUEUE=TRUE                   #
#                          -DMAC_CFG_TX_DATA_MAX=5 -DMAC_CFG_TX_MAX=8         #
#                          -DMAC_CFG_RX_MAX=5 -DZDO_COORDINATOR -DRTR_NWK)    #
#                          -f E:\¿Î³Ì×¼±¸\´«¸ÐÆ÷Óë´«¸ÐÍø\´«¸ÐÆ÷Óë´«¸ÐÍø\ZStac #
#                          k-CC2530-Best\Projects\zstack\Samples\GenericApp\C #
#                          C2530DB\..\..\..\Tools\CC2530DB\f8wConfig.cfg      #
#                          (-DZIGBEEPRO -DSECURE=0 -DZG_SECURE_DYNAMIC=0      #
#                          -DREFLECTOR -DDEFAULT_CHANLIST26=0x04000000        #
#                          -DDEFAULT_CHANLIST25=0x02000000                    #
#                          -DDEFAULT_CHANLIST24=0x01000000                    #
#                          -DDEFAULT_CHANLIST23=0x00800000                    #
#                          -DDEFAULT_CHANLIST22=0x00400000                    #
#                          -DDEFAULT_CHANLIST21=0x00200000                    #
#                          -DDEFAULT_CHANLIST20=0x00100000                    #
#                          -DDEFAULT_CHANLIST19=0x00080000                    #
#                          -DDEFAULT_CHANLIST18=0x00040000                    #
#                          -DDEFAULT_CHANLIST17=0x00020000                    #
#                          -DDEFAULT_CHANLIST16=0x00010000                    #
#                          -DDEFAULT_CHANLIST15=0x00008000                    #
#                          -DDEFAULT_CHANLIST14=0x00004000                    #
#                          -DDEFAULT_CHANLIST13=0x00002000                    #
#                          -DDEFAULT_CHANLIST12=0x00001000                    #
#                          -DDEFAULT_CHANLIST11=0x00000800                    #
#                          -DDEFAULT_CHANLIST=DEFAULT_CHANLIST25              #
#                          -DZDAPP_CONFIG_PAN_ID=0x0037                       #
#                          -DNWK_START_DELAY=100 -DEXTENDED_JOINING_RANDOM_MA #
#                          SK=0x007F -DBEACON_REQUEST_DELAY=100               #
#                          -DBEACON_REQ_DELAY_MASK=0x00FF                     #
#                          -DLINK_STATUS_JITTER_MASK=0x007F                   #
#                          -DROUTE_EXPIRY_TIME=30 -DAPSC_ACK_WAIT_DURATION_PO #
#                          LLED=3000 -DNWK_INDIRECT_MSG_TIMEOUT=7             #
#                          -DMAX_RREQ_ENTRIES=8 -DAPSC_MAX_FRAME_RETRIES=3    #
#                          -DNWK_MAX_DATA_RETRIES=2                           #
#                          -DMAX_POLL_FAILURE_RETRIES=2 -DMAX_BCAST=9         #
#                          -DAPS_MAX_GROUPS=16 -DMAX_RTG_ENTRIES=40           #
#                          -DNWK_MAX_BINDING_ENTRIES=4                        #
#                          -DMAX_BINDING_CLUSTER_IDS=4 "-DDEFAULT_KEY={0x01,  #
#                          0x03, 0x05, 0x07, 0x09, 0x0B, 0x0D, 0x0F, 0x00,    #
#                          0x02, 0x04, 0x06, 0x08, 0x0A, 0x0C, 0x0D}"         #
#                          -DMAC_MAX_FRAME_SIZE=116                           #
#                          -DZDNWKMGR_MIN_TRANSMISSIONS=20 "-DCONST=const     #
#                          __code" -DGENERIC=__generic                        #
#                          -DRFD_RCVC_ALWAYS_ON=FALSE -DPOLL_RATE=1000        #
#                          -DQUEUED_POLL_RATE=100 -DRESPONSE_POLL_RATE=100)   #
#                          -DREJOIN_POLL_RATE=440 E:\¿Î³Ì×¼±¸\´«¸ÐÆ÷Óë´«¸ÐÍø\ #
#                          ´«¸ÐÆ÷Óë´«¸ÐÍø\ZStack-CC2530-Best\Projects\zstack\ #
#                          Samples\GenericApp\Source\GenericApp.c -D          #
#                          ZTOOL_P1 -D xMT_TASK -D MT_SYS_FUNC -D             #
#                          MT_ZDO_FUNC -D xLCD_SUPPORTED=DEBUG -lC            #
#                          E:\¿Î³Ì×¼±¸\´«¸ÐÆ÷Óë´«¸ÐÍø\´«¸ÐÆ÷Óë´«¸ÐÍø\ZStack-C #
#                          C2530-Best\Projects\zstack\Samples\GenericApp\CC25 #
#                          30DB\CoordinatorEB\List\ -lA                       #
#                          E:\¿Î³Ì×¼±¸\´«¸ÐÆ÷Óë´«¸ÐÍø\´«¸ÐÆ÷Óë´«¸ÐÍø\ZStack-C #
#                          C2530-Best\Projects\zstack\Samples\GenericApp\CC25 #
#                          30DB\CoordinatorEB\List\ --diag_suppress           #
#                          Pe001,Pa010 -o E:\¿Î³Ì×¼±¸\´«¸ÐÆ÷Óë´«¸ÐÍø\´«¸ÐÆ÷Óë #
#                          ´«¸ÐÍø\ZStack-CC2530-Best\Projects\zstack\Samples\ #
#                          GenericApp\CC2530DB\CoordinatorEB\Obj\ -e          #
#                          --no_code_motion --debug --core=plain --dptr=16,1  #
#                          --data_model=large --code_model=banked             #
#                          --calling_convention=xdata_reentrant               #
#                          --place_constants=data_rom --nr_virtual_regs 16    #
#                          -I E:\¿Î³Ì×¼±¸\´«¸ÐÆ÷Óë´«¸ÐÍø\´«¸ÐÆ÷Óë´«¸ÐÍø\ZStac #
#                          k-CC2530-Best\Projects\zstack\Samples\GenericApp\C #
#                          C2530DB\ -I E:\¿Î³Ì×¼±¸\´«¸ÐÆ÷Óë´«¸ÐÍø\´«¸ÐÆ÷Óë´«¸ #
#                          ÐÍø\ZStack-CC2530-Best\Projects\zstack\Samples\Gen #
#                          ericApp\CC2530DB\..\Source\ -I                     #
#                          E:\¿Î³Ì×¼±¸\´«¸ÐÆ÷Óë´«¸ÐÍø\´«¸ÐÆ÷Óë´«¸ÐÍø\ZStack-C #
#                          C2530-Best\Projects\zstack\Samples\GenericApp\CC25 #
#                          30DB\..\..\..\ZMain\TI2530DB\ -I                   #
#                          E:\¿Î³Ì×¼±¸\´«¸ÐÆ÷Óë´«¸ÐÍø\´«¸ÐÆ÷Óë´«¸ÐÍø\ZStack-C #
#                          C2530-Best\Projects\zstack\Samples\GenericApp\CC25 #
#                          30DB\..\..\..\..\..\Components\hal\include\ -I     #
#                          E:\¿Î³Ì×¼±¸\´«¸ÐÆ÷Óë´«¸ÐÍø\´«¸ÐÆ÷Óë´«¸ÐÍø\ZStack-C #
#                          C2530-Best\Projects\zstack\Samples\GenericApp\CC25 #
#                          30DB\..\..\..\..\..\Components\hal\target\CC2530EB #
#                          \ -I E:\¿Î³Ì×¼±¸\´«¸ÐÆ÷Óë´«¸ÐÍø\´«¸ÐÆ÷Óë´«¸ÐÍø\ZSt #
#                          ack-CC2530-Best\Projects\zstack\Samples\GenericApp #
#                          \CC2530DB\..\..\..\..\..\Components\mac\include\   #
#                          -I E:\¿Î³Ì×¼±¸\´«¸ÐÆ÷Óë´«¸ÐÍø\´«¸ÐÆ÷Óë´«¸ÐÍø\ZStac #
#                          k-CC2530-Best\Projects\zstack\Samples\GenericApp\C #
#                          C2530DB\..\..\..\..\..\Components\mac\high_level\  #
#                          -I E:\¿Î³Ì×¼±¸\´«¸ÐÆ÷Óë´«¸ÐÍø\´«¸ÐÆ÷Óë´«¸ÐÍø\ZStac #
#                          k-CC2530-Best\Projects\zstack\Samples\GenericApp\C #
#                          C2530DB\..\..\..\..\..\Components\mac\low_level\sr #
#                          f04\ -I E:\¿Î³Ì×¼±¸\´«¸ÐÆ÷Óë´«¸ÐÍø\´«¸ÐÆ÷Óë´«¸ÐÍø\ #
#                          ZStack-CC2530-Best\Projects\zstack\Samples\Generic #
#                          App\CC2530DB\..\..\..\..\..\Components\mac\low_lev #
#                          el\srf04\single_chip\ -I                           #
#                          E:\¿Î³Ì×¼±¸\´«¸ÐÆ÷Óë´«¸ÐÍø\´«¸ÐÆ÷Óë´«¸ÐÍø\ZStack-C #
#                          C2530-Best\Projects\zstack\Samples\GenericApp\CC25 #
#                          30DB\..\..\..\..\..\Components\mt\ -I              #
#                          E:\¿Î³Ì×¼±¸\´«¸ÐÆ÷Óë´«¸ÐÍø\´«¸ÐÆ÷Óë´«¸ÐÍø\ZStack-C #
#                          C2530-Best\Projects\zstack\Samples\GenericApp\CC25 #
#                          30DB\..\..\..\..\..\Components\osal\include\ -I    #
#                          E:\¿Î³Ì×¼±¸\´«¸ÐÆ÷Óë´«¸ÐÍø\´«¸ÐÆ÷Óë´«¸ÐÍø\ZStack-C #
#                          C2530-Best\Projects\zstack\Samples\GenericApp\CC25 #
#                          30DB\..\..\..\..\..\Components\services\saddr\ -I  #
#                          E:\¿Î³Ì×¼±¸\´«¸ÐÆ÷Óë´«¸ÐÍø\´«¸ÐÆ÷Óë´«¸ÐÍø\ZStack-C #
#                          C2530-Best\Projects\zstack\Samples\GenericApp\CC25 #
#                          30DB\..\..\..\..\..\Components\services\sdata\ -I  #
#                          E:\¿Î³Ì×¼±¸\´«¸ÐÆ÷Óë´«¸ÐÍø\´«¸ÐÆ÷Óë´«¸ÐÍø\ZStack-C #
#                          C2530-Best\Projects\zstack\Samples\GenericApp\CC25 #
#                          30DB\..\..\..\..\..\Components\stack\af\ -I        #
#                          E:\¿Î³Ì×¼±¸\´«¸ÐÆ÷Óë´«¸ÐÍø\´«¸ÐÆ÷Óë´«¸ÐÍø\ZStack-C #
#                          C2530-Best\Projects\zstack\Samples\GenericApp\CC25 #
#                          30DB\..\..\..\..\..\Components\stack\nwk\ -I       #
#                          E:\¿Î³Ì×¼±¸\´«¸ÐÆ÷Óë´«¸ÐÍø\´«¸ÐÆ÷Óë´«¸ÐÍø\ZStack-C #
#                          C2530-Best\Projects\zstack\Samples\GenericApp\CC25 #
#                          30DB\..\..\..\..\..\Components\stack\sapi\ -I      #
#                          E:\¿Î³Ì×¼±¸\´«¸ÐÆ÷Óë´«¸ÐÍø\´«¸ÐÆ÷Óë´«¸ÐÍø\ZStack-C #
#                          C2530-Best\Projects\zstack\Samples\GenericApp\CC25 #
#                          30DB\..\..\..\..\..\Components\stack\sec\ -I       #
#                          E:\¿Î³Ì×¼±¸\´«¸ÐÆ÷Óë´«¸ÐÍø\´«¸ÐÆ÷Óë´«¸ÐÍø\ZStack-C #
#                          C2530-Best\Projects\zstack\Samples\GenericApp\CC25 #
#                          30DB\..\..\..\..\..\Components\stack\sys\ -I       #
#                          E:\¿Î³Ì×¼±¸\´«¸ÐÆ÷Óë´«¸ÐÍø\´«¸ÐÆ÷Óë´«¸ÐÍø\ZStack-C #
#                          C2530-Best\Projects\zstack\Samples\GenericApp\CC25 #
#                          30DB\..\..\..\..\..\Components\stack\zdo\ -I       #
#                          E:\¿Î³Ì×¼±¸\´«¸ÐÆ÷Óë´«¸ÐÍø\´«¸ÐÆ÷Óë´«¸ÐÍø\ZStack-C #
#                          C2530-Best\Projects\zstack\Samples\GenericApp\CC25 #
#                          30DB\..\..\..\..\..\Components\zmac\ -I            #
#                          E:\¿Î³Ì×¼±¸\´«¸ÐÆ÷Óë´«¸ÐÍø\´«¸ÐÆ÷Óë´«¸ÐÍø\ZStack-C #
#                          C2530-Best\Projects\zstack\Samples\GenericApp\CC25 #
#                          30DB\..\..\..\..\..\Components\zmac\f8w\ -Ohz      #
#                          --require_prototypes                               #
#    List file          =  E:\¿Î³Ì×¼±¸\´«¸ÐÆ÷Óë´«¸ÐÍø\´«¸ÐÆ÷Óë´«¸ÐÍø\ZStack-C #
#                          C2530-Best\Projects\zstack\Samples\GenericApp\CC25 #
#                          30DB\CoordinatorEB\List\GenericApp.lst             #
#    Object file        =  E:\¿Î³Ì×¼±¸\´«¸ÐÆ÷Óë´«¸ÐÍø\´«¸ÐÆ÷Óë´«¸ÐÍø\ZStack-C #
#                          C2530-Best\Projects\zstack\Samples\GenericApp\CC25 #
#                          30DB\CoordinatorEB\Obj\GenericApp.r51              #
#                                                                             #
#                                                                             #
###############################################################################

E:\¿Î³Ì×¼±¸\´«¸ÐÆ÷Óë´«¸ÐÍø\´«¸ÐÆ÷Óë´«¸ÐÍø\ZStack-CC2530-Best\Projects\zstack\Samples\GenericApp\Source\GenericApp.c
      1          /******************************************************************************
      2            Filename:       GenericApp.c
      3            Revised:        $Date: 2010-12-21 10:27:34 -0800 (Tue, 21 Dec 2010) $
      4            Revision:       $Revision: 24670 $
      5          
      6            Description:    Generic Application (no Profile).
      7          
      8          
      9            Copyright 2004-2010 Texas Instruments Incorporated. All rights reserved.
     10          
     11            IMPORTANT: Your use of this Software is limited to those specific rights
     12            granted under the terms of a software license agreement between the user
     13            who downloaded the software, his/her employer (which must be your employer)
     14            and Texas Instruments Incorporated (the "License").  You may not use this
     15            Software unless you agree to abide by the terms of the License. The License
     16            limits your use, and you acknowledge, that the Software may not be modified,
     17            copied or distributed unless embedded on a Texas Instruments microcontroller
     18            or used solely and exclusively in conjunction with a Texas Instruments radio
     19            frequency transceiver, which is integrated into your product. Other than for
     20            the foregoing purpose, you may not use, reproduce, copy, prepare derivative
     21            works of, modify, distribute, perform, display or sell this Software and/or
     22            its documentation for any purpose.
     23          
     24            YOU FURTHER ACKNOWLEDGE AND AGREE THAT THE SOFTWARE AND DOCUMENTATION ARE
     25            PROVIDED “AS IS?WITHOUT WARRANTY OF ANY KIND, EITHER EXPRESS OR IMPLIED,
     26            INCLUDING WITHOUT LIMITATION, ANY WARRANTY OF MERCHANTABILITY, TITLE,
     27            NON-INFRINGEMENT AND FITNESS FOR A PARTICULAR PURPOSE. IN NO EVENT SHALL
     28            TEXAS INSTRUMENTS OR ITS LICENSORS BE LIABLE OR OBLIGATED UNDER CONTRACT,
     29            NEGLIGENCE, STRICT LIABILITY, CONTRIBUTION, BREACH OF WARRANTY, OR OTHER
     30            LEGAL EQUITABLE THEORY ANY DIRECT OR INDIRECT DAMAGES OR EXPENSES
     31            INCLUDING BUT NOT LIMITED TO ANY INCIDENTAL, SPECIAL, INDIRECT, PUNITIVE
     32            OR CONSEQUENTIAL DAMAGES, LOST PROFITS OR LOST DATA, COST OF PROCUREMENT
     33            OF SUBSTITUTE GOODS, TECHNOLOGY, SERVICES, OR ANY CLAIMS BY THIRD PARTIES
     34            (INCLUDING BUT NOT LIMITED TO ANY DEFENSE THEREOF), OR OTHER SIMILAR COSTS.
     35          
     36            Should you have any questions regarding your right to use this Software,
     37            contact Texas Instruments Incorporated at www.TI.com.
     38          ******************************************************************************/
     39          
     40          /*********************************************************************
     41            This application isn't intended to do anything useful, it is
     42            intended to be a simple example of an application's structure.
     43          
     44            This application sends "Hello World" to another "Generic"
     45            application every 15 seconds.  The application will also
     46            receive "Hello World" packets.
     47          
     48            The "Hello World" messages are sent/received as MSG type message.
     49          
     50            This applications doesn't have a profile, so it handles everything
     51            directly - itself.
     52          
     53            Key control:
     54              SW1:
     55              SW2:  initiates end device binding
     56              SW3:
     57              SW4:  initiates a match description request
     58          *********************************************************************/
     59          
     60          /*********************************************************************
     61           * INCLUDES
     62           */
     63          #include "OSAL.h"
     64          #include "AF.h"
     65          #include "ZDApp.h"
     66          #include "ZDObject.h"
     67          #include "ZDProfile.h"
     68          
     69          #include "GenericApp.h"
     70          #include "DebugTrace.h"
     71          
     72          #if !defined( WIN32 )
     73            #include "OnBoard.h"
     74          #endif
     75          
     76          /* HAL */
     77          #include "hal_lcd.h"
     78          #include "hal_led.h"
     79          #include "hal_key.h"
     80          #include "hal_uart.h"
     81          
     82          /*********************************************************************
     83           * MACROS
     84           */
     85          
     86          /*********************************************************************
     87           * CONSTANTS
     88           */
     89          
     90          /*********************************************************************
     91           * TYPEDEFS
     92           */
     93          
     94          /*********************************************************************
     95           * GLOBAL VARIABLES
     96           */
     97          
     98          // This list should be filled with Application specific Cluster IDs.

   \                                 In  segment XDATA_ROM_C, align 1
     99          const cId_t GenericApp_ClusterList[GENERICAPP_MAX_CLUSTERS] =
   \                     GenericApp_ClusterList:
   \   000000   0100         DW 1
    100          {
    101            GENERICAPP_CLUSTERID
    102          };
    103          

   \                                 In  segment XDATA_ROM_C, align 1
    104          const SimpleDescriptionFormat_t GenericApp_SimpleDesc =
   \                     GenericApp_SimpleDesc:
   \   000000   0A           DB 10
   \   000001   040F         DW 3844
   \   000003   0100         DW 1
   \   000005   00           DB 0
   \   000006   01           DB 1
   \   000007   ....         DW GenericApp_ClusterList
   \   000009   01           DB 1
   \   00000A   ....         DW GenericApp_ClusterList
    105          {
    106            GENERICAPP_ENDPOINT,              //  int Endpoint;
    107            GENERICAPP_PROFID,                //  uint16 AppProfId[2];
    108            GENERICAPP_DEVICEID,              //  uint16 AppDeviceId[2];
    109            GENERICAPP_DEVICE_VERSION,        //  int   AppDevVer:4;
    110            GENERICAPP_FLAGS,                 //  int   AppFlags:4;
    111            GENERICAPP_MAX_CLUSTERS,          //  byte  AppNumInClusters;
    112            (cId_t *)GenericApp_ClusterList,  //  byte *pAppInClusterList;
    113            GENERICAPP_MAX_CLUSTERS,          //  byte  AppNumInClusters;
    114            (cId_t *)GenericApp_ClusterList   //  byte *pAppInClusterList;
    115          };
    116          
    117          // This is the Endpoint/Interface description.  It is defined here, but
    118          // filled-in in GenericApp_Init().  Another way to go would be to fill
    119          // in the structure here and make it a "const" (in code space).  The
    120          // way it's defined in this sample app it is define in RAM.

   \                                 In  segment XDATA_Z, align 1, keep-with-next
    121          endPointDesc_t GenericApp_epDesc;
   \                     GenericApp_epDesc:
   \   000000                DS 6
   \   000006                REQUIRE __INIT_XDATA_Z
    122          
    123          /*********************************************************************
    124           * EXTERNAL VARIABLES
    125           */
    126          
    127          /*********************************************************************
    128           * EXTERNAL FUNCTIONS
    129           */
    130          
    131          /*********************************************************************
    132           * LOCAL VARIABLES
    133           */

   \                                 In  segment XDATA_Z, align 1, keep-with-next
    134          byte GenericApp_TaskID;   // Task ID for internal task/event processing
   \                     GenericApp_TaskID:
   \   000000                DS 1
   \   000001                REQUIRE __INIT_XDATA_Z
    135                                    // This variable will be received when
    136                                    // GenericApp_Init() is called.

   \                                 In  segment XDATA_Z, align 1, keep-with-next
    137          devStates_t GenericApp_NwkState;
   \                     GenericApp_NwkState:
   \   000000                DS 1
   \   000001                REQUIRE __INIT_XDATA_Z
    138          
    139          

   \                                 In  segment XDATA_Z, align 1, keep-with-next
    140          byte GenericApp_TransID;  // This is the unique message ID (counter)
   \                     GenericApp_TransID:
   \   000000                DS 1
   \   000001                REQUIRE __INIT_XDATA_Z
    141          

   \                                 In  segment XDATA_Z, align 1, keep-with-next
    142          afAddrType_t GenericApp_DstAddr;
   \                     GenericApp_DstAddr:
   \   000000                DS 12
   \   00000C                REQUIRE __INIT_XDATA_Z
    143          
    144          /*********************************************************************
    145           * LOCAL FUNCTIONS
    146           */
    147          void GenericApp_ProcessZDOMsgs( zdoIncomingMsg_t *inMsg );
    148          void GenericApp_HandleKeys( byte shift, byte keys );
    149          void GenericApp_MessageMSGCB( afIncomingMSGPacket_t *pckt );
    150          void GenericApp_SendTheMessage( void );
    151          
    152          /*********************************************************************
    153           * NETWORK LAYER CALLBACKS
    154           */
    155          
    156          /*********************************************************************
    157           * PUBLIC FUNCTIONS
    158           */
    159          
    160          /*********************************************************************
    161           * @fn      GenericApp_Init
    162           *
    163           * @brief   Initialization function for the Generic App Task.
    164           *          This is called during initialization and should contain
    165           *          any application specific initialization (ie. hardware
    166           *          initialization/setup, table initialization, power up
    167           *          notificaiton ... ).
    168           *
    169           * @param   task_id - the ID assigned by OSAL.  This ID should be
    170           *                    used to send messages and set timers.
    171           *
    172           * @return  none
    173           */

   \                                 In  segment BANKED_CODE, align 1, keep-with-next
    174          void GenericApp_Init( byte task_id )
   \                     GenericApp_Init:
    175          {
   \   000000   74F7         MOV     A,#-0x9
   \   000002   12....       LCALL   ?BANKED_ENTER_XDATA
   \   000005                ; Saved register size: 9
   \   000005                ; Auto size: 0
   \   000005   E9           MOV     A,R1
    176            GenericApp_TaskID = task_id;
   \   000006   90....       MOV     DPTR,#GenericApp_TaskID
   \   000009   F0           MOVX    @DPTR,A
    177            GenericApp_NwkState = DEV_INIT;
   \   00000A   90....       MOV     DPTR,#GenericApp_NwkState
   \   00000D   7401         MOV     A,#0x1
   \   00000F   F0           MOVX    @DPTR,A
    178            GenericApp_TransID = 0;
   \   000010   90....       MOV     DPTR,#GenericApp_TransID
   \   000013   E4           CLR     A
   \   000014   F0           MOVX    @DPTR,A
    179          
    180            // Device hardware initialization can be added here or in main() (Zmain.c).
    181            // If the hardware is application specific - add it here.
    182            // If the hardware is other parts of the device add it in main().
    183          
    184            GenericApp_DstAddr.addrMode = (afAddrMode_t)AddrNotPresent;
   \   000015   90....       MOV     DPTR,#GenericApp_DstAddr + 8
   \   000018   F0           MOVX    @DPTR,A
    185            GenericApp_DstAddr.endPoint = 0;
   \   000019   A3           INC     DPTR
   \   00001A   F0           MOVX    @DPTR,A
    186            GenericApp_DstAddr.addr.shortAddr = 0;
   \   00001B   90....       MOV     DPTR,#GenericApp_DstAddr
   \   00001E   F0           MOVX    @DPTR,A
   \   00001F   A3           INC     DPTR
   \   000020   F0           MOVX    @DPTR,A
    187          
    188            // Fill out the endpoint description.
    189            GenericApp_epDesc.endPoint = GENERICAPP_ENDPOINT;
   \   000021   90....       MOV     DPTR,#GenericApp_epDesc
   \   000024   740A         MOV     A,#0xa
   \   000026   F0           MOVX    @DPTR,A
    190            GenericApp_epDesc.task_id = &GenericApp_TaskID;
   \   000027   A3           INC     DPTR
   \   000028   74..         MOV     A,#GenericApp_TaskID & 0xff
   \   00002A   F0           MOVX    @DPTR,A
   \   00002B   A3           INC     DPTR
   \   00002C   74..         MOV     A,#(GenericApp_TaskID >> 8) & 0xff
   \   00002E   F0           MOVX    @DPTR,A
    191            GenericApp_epDesc.simpleDesc
    192                      = (SimpleDescriptionFormat_t *)&GenericApp_SimpleDesc;
   \   00002F   A3           INC     DPTR
   \   000030   74..         MOV     A,#GenericApp_SimpleDesc & 0xff
   \   000032   F0           MOVX    @DPTR,A
   \   000033   A3           INC     DPTR
   \   000034   74..         MOV     A,#(GenericApp_SimpleDesc >> 8) & 0xff
   \   000036   F0           MOVX    @DPTR,A
    193            GenericApp_epDesc.latencyReq = noLatencyReqs;
   \   000037   A3           INC     DPTR
   \   000038   E4           CLR     A
   \   000039   F0           MOVX    @DPTR,A
    194          
    195            // Register the endpoint description with the AF
    196            afRegister( &GenericApp_epDesc );
   \   00003A                ; Setup parameters for call to function afRegister
   \   00003A   7A..         MOV     R2,#GenericApp_epDesc & 0xff
   \   00003C   7B..         MOV     R3,#(GenericApp_epDesc >> 8) & 0xff
   \   00003E   12....       LCALL   ??afRegister?relay
    197          
    198            // Register for all key events - This app will handle all key events
    199            RegisterForKeys( GenericApp_TaskID );
   \   000041                ; Setup parameters for call to function RegisterForKeys
   \   000041   90....       MOV     DPTR,#GenericApp_TaskID
   \   000044   E0           MOVX    A,@DPTR
   \   000045   F9           MOV     R1,A
   \   000046   12....       LCALL   ??RegisterForKeys?relay
    200          
    201            // Update the display
    202          #if defined ( LCD_SUPPORTED )
    203              HalLcdWriteString( "GenericApp", HAL_LCD_LINE_1 );
    204          #endif
    205          
    206            ZDO_RegisterForZDOMsg( GenericApp_TaskID, End_Device_Bind_rsp );
   \   000049                ; Setup parameters for call to function ZDO_RegisterForZDOMsg
   \   000049   7A20         MOV     R2,#0x20
   \   00004B   7B80         MOV     R3,#-0x80
   \   00004D   90....       MOV     DPTR,#GenericApp_TaskID
   \   000050   E0           MOVX    A,@DPTR
   \   000051   F9           MOV     R1,A
   \   000052   12....       LCALL   ??ZDO_RegisterForZDOMsg?relay
    207            ZDO_RegisterForZDOMsg( GenericApp_TaskID, Match_Desc_rsp );
   \   000055                ; Setup parameters for call to function ZDO_RegisterForZDOMsg
   \   000055   7A06         MOV     R2,#0x6
   \   000057   7B80         MOV     R3,#-0x80
   \   000059   90....       MOV     DPTR,#GenericApp_TaskID
   \   00005C   E0           MOVX    A,@DPTR
   \   00005D   F9           MOV     R1,A
   \   00005E   12....       LCALL   ??ZDO_RegisterForZDOMsg?relay
    208          }
   \   000061   7F01         MOV     R7,#0x1
   \   000063   02....       LJMP    ?BANKED_LEAVE_XDATA
    209          
    210          /*********************************************************************
    211           * @fn      GenericApp_ProcessEvent
    212           *
    213           * @brief   Generic Application Task event processor.  This function
    214           *          is called to process all events for the task.  Events
    215           *          include timers, messages and any other user defined events.
    216           *
    217           * @param   task_id  - The OSAL assigned task ID.
    218           * @param   events - events to process.  This is a bit map and can
    219           *                   contain more than one event.
    220           *
    221           * @return  none
    222           */

   \                                 In  segment BANKED_CODE, align 1, keep-with-next
    223          UINT16 GenericApp_ProcessEvent( byte task_id, UINT16 events )
   \                     GenericApp_ProcessEvent:
    224          {
   \   000000   74F4         MOV     A,#-0xc
   \   000002   12....       LCALL   ?BANKED_ENTER_XDATA
   \   000005                ; Saved register size: 12
   \   000005                ; Auto size: 0
   \   000005   EA           MOV     A,R2
   \   000006   FE           MOV     R6,A
   \   000007   EB           MOV     A,R3
   \   000008   FF           MOV     R7,A
    225            afIncomingMSGPacket_t *MSGpkt;
    226            afDataConfirm_t *afDataConfirm;
    227          
    228            // Data Confirmation message fields
    229            byte sentEP;
    230            ZStatus_t sentStatus;
    231            byte sentTransID;       // This should match the value sent
    232            (void)task_id;  // Intentionally unreferenced parameter
    233          
    234            if ( events & SYS_EVENT_MSG )
   \   000009   5480         ANL     A,#0x80
   \   00000B   6077         JZ      ??GenericApp_ProcessEvent_0
    235            {
    236              MSGpkt = (afIncomingMSGPacket_t *)osal_msg_receive( GenericApp_TaskID );
   \   00000D                ; Setup parameters for call to function osal_msg_receive
   \   00000D   802B         SJMP    ??GenericApp_ProcessEvent_1
    237              while ( MSGpkt )
    238              {
    239                switch ( MSGpkt->hdr.event )
    240                {
    241                  case ZDO_CB_MSG:
    242                    GenericApp_ProcessZDOMsgs( (zdoIncomingMsg_t *)MSGpkt );
    243                    break;
    244          
    245                  case KEY_CHANGE:
    246                    GenericApp_HandleKeys( ((keyChange_t *)MSGpkt)->state, ((keyChange_t *)MSGpkt)->keys );
    247                    break;
    248          
    249                  case AF_DATA_CONFIRM_CMD:
    250                    // This message is received as a confirmation of a data packet sent.
    251                    // The status is of ZStatus_t type [defined in ZComDef.h]
    252                    // The message fields are defined in AF.h
    253                    afDataConfirm = (afDataConfirm_t *)MSGpkt;
    254                    sentEP = afDataConfirm->endpoint;
    255                    sentStatus = afDataConfirm->hdr.status;
    256                    sentTransID = afDataConfirm->transID;
    257                    (void)sentEP;
    258                    (void)sentTransID;
    259          
    260                    // Action taken when confirmation is received.
    261                    if ( sentStatus != ZSuccess )
    262                    {
    263                      // The data wasn't delivered -- Do something
    264                    }
    265                    break;
    266          
    267                  case AF_INCOMING_MSG_CMD:
    268                    GenericApp_MessageMSGCB( MSGpkt );
    269                    break;
    270          
    271                  case ZDO_STATE_CHANGE:
    272                    GenericApp_NwkState = (devStates_t)(MSGpkt->hdr.status);
   \                     ??GenericApp_ProcessEvent_2:
   \   00000F   A3           INC     DPTR
   \   000010   E0           MOVX    A,@DPTR
   \   000011   90....       MOV     DPTR,#GenericApp_NwkState
   \   000014   F0           MOVX    @DPTR,A
    273                    if ( (GenericApp_NwkState == DEV_ZB_COORD)
    274                        || (GenericApp_NwkState == DEV_ROUTER)
    275                        || (GenericApp_NwkState == DEV_END_DEVICE) )
   \   000015   6409         XRL     A,#0x9
   \   000017   600A         JZ      ??GenericApp_ProcessEvent_3
   \   000019   E0           MOVX    A,@DPTR
   \   00001A   6407         XRL     A,#0x7
   \   00001C   6005         JZ      ??GenericApp_ProcessEvent_3
   \   00001E   E0           MOVX    A,@DPTR
   \   00001F   6406         XRL     A,#0x6
   \   000021   7010         JNZ     ??GenericApp_ProcessEvent_4
    276                    {
    277                      // Start sending "the" message in a regular interval.
    278                      osal_start_timerEx( GenericApp_TaskID,
    279                                          GENERICAPP_SEND_MSG_EVT,
    280                                          GENERICAPP_SEND_MSG_TIMEOUT );
   \                     ??GenericApp_ProcessEvent_3:
   \   000023                ; Setup parameters for call to function osal_start_timerEx
   \   000023   7C88         MOV     R4,#-0x78
   \   000025   7D13         MOV     R5,#0x13
   \   000027   7A01         MOV     R2,#0x1
   \   000029   7B00         MOV     R3,#0x0
   \   00002B   90....       MOV     DPTR,#GenericApp_TaskID
   \   00002E   E0           MOVX    A,@DPTR
   \   00002F   F9           MOV     R1,A
   \   000030   12....       LCALL   ??osal_start_timerEx?relay
    281                    }
    282                    break;
    283          
    284                  default:
    285                    break;
    286                }
    287          
    288                // Release the memory
    289                osal_msg_deallocate( (uint8 *)MSGpkt );
   \                     ??GenericApp_ProcessEvent_4:
   \   000033                ; Setup parameters for call to function osal_msg_deallocate
   \   000033   AA..         MOV     R2,?V0 + 0
   \   000035   AB..         MOV     R3,?V0 + 1
   \   000037   12....       LCALL   ??osal_msg_deallocate?relay
    290          
    291                // Next
    292                MSGpkt = (afIncomingMSGPacket_t *)osal_msg_receive( GenericApp_TaskID );
   \   00003A                ; Setup parameters for call to function osal_msg_receive
   \                     ??GenericApp_ProcessEvent_1:
   \   00003A   90....       MOV     DPTR,#GenericApp_TaskID
   \   00003D   E0           MOVX    A,@DPTR
   \   00003E   F9           MOV     R1,A
   \   00003F   12....       LCALL   ??osal_msg_receive?relay
   \   000042   8A..         MOV     ?V0 + 0,R2
   \   000044   8B..         MOV     ?V0 + 1,R3
   \   000046   E5..         MOV     A,?V0 + 0
   \   000048   45..         ORL     A,?V0 + 1
   \   00004A   6030         JZ      ??GenericApp_ProcessEvent_5
   \   00004C   85..82       MOV     DPL,?V0 + 0
   \   00004F   85..83       MOV     DPH,?V0 + 1
   \   000052   E0           MOVX    A,@DPTR
   \   000053   2440         ADD     A,#0x40
   \   000055   6011         JZ      ??GenericApp_ProcessEvent_6
   \   000057   24EF         ADD     A,#-0x11
   \   000059   60B4         JZ      ??GenericApp_ProcessEvent_2
   \   00005B   24FE         ADD     A,#-0x2
   \   00005D   70D4         JNZ     ??GenericApp_ProcessEvent_4
   \   00005F                ; Setup parameters for call to function GenericApp_ProcessZDOMsgs
   \   00005F   AA..         MOV     R2,?V0 + 0
   \   000061   AB..         MOV     R3,?V0 + 1
   \   000063   12....       LCALL   ??GenericApp_ProcessZDOMsgs?relay
   \   000066   80CB         SJMP    ??GenericApp_ProcessEvent_4
   \                     ??GenericApp_ProcessEvent_6:
   \   000068                ; Setup parameters for call to function GenericApp_HandleKeys
   \   000068   A3           INC     DPTR
   \   000069   A3           INC     DPTR
   \   00006A   A3           INC     DPTR
   \   00006B   E0           MOVX    A,@DPTR
   \   00006C   FA           MOV     R2,A
   \   00006D   85..82       MOV     DPL,?V0 + 0
   \   000070   85..83       MOV     DPH,?V0 + 1
   \   000073   A3           INC     DPTR
   \   000074   A3           INC     DPTR
   \   000075   E0           MOVX    A,@DPTR
   \   000076   F9           MOV     R1,A
   \   000077   12....       LCALL   ??GenericApp_HandleKeys?relay
   \   00007A   80B7         SJMP    ??GenericApp_ProcessEvent_4
    293              }
    294          
    295              // return unprocessed events
    296              return (events ^ SYS_EVENT_MSG);
   \                     ??GenericApp_ProcessEvent_5:
   \   00007C   EE           MOV     A,R6
   \   00007D   FA           MOV     R2,A
   \   00007E   EF           MOV     A,R7
   \   00007F   6480         XRL     A,#0x80
   \                     ??GenericApp_ProcessEvent_7:
   \   000081   FB           MOV     R3,A
   \   000082   8023         SJMP    ??GenericApp_ProcessEvent_8
    297            }
    298          
    299            // Send a message out - This event is generated by a timer
    300            //  (setup in GenericApp_Init()).
    301            if ( events & GENERICAPP_SEND_MSG_EVT )
   \                     ??GenericApp_ProcessEvent_0:
   \   000084   EE           MOV     A,R6
   \   000085   A2E0         MOV     C,0xE0 /* A   */.0
   \   000087   501A         JNC     ??GenericApp_ProcessEvent_9
    302            {
    303              // Send "the" message
    304              GenericApp_SendTheMessage();
   \   000089                ; Setup parameters for call to function GenericApp_SendTheMessage
   \   000089   12....       LCALL   ??GenericApp_SendTheMessage?relay
    305          
    306              // Setup to send message again
    307              osal_start_timerEx( GenericApp_TaskID,
    308                                  GENERICAPP_SEND_MSG_EVT,
    309                                  GENERICAPP_SEND_MSG_TIMEOUT );
   \   00008C                ; Setup parameters for call to function osal_start_timerEx
   \   00008C   7C88         MOV     R4,#-0x78
   \   00008E   7D13         MOV     R5,#0x13
   \   000090   7A01         MOV     R2,#0x1
   \   000092   7B00         MOV     R3,#0x0
   \   000094   90....       MOV     DPTR,#GenericApp_TaskID
   \   000097   E0           MOVX    A,@DPTR
   \   000098   F9           MOV     R1,A
   \   000099   12....       LCALL   ??osal_start_timerEx?relay
    310          
    311              // return unprocessed events
    312              return (events ^ GENERICAPP_SEND_MSG_EVT);
   \   00009C   EE           MOV     A,R6
   \   00009D   6401         XRL     A,#0x1
   \   00009F   FA           MOV     R2,A
   \   0000A0   EF           MOV     A,R7
   \   0000A1   80DE         SJMP    ??GenericApp_ProcessEvent_7
    313            }
    314          
    315            // Discard unknown events
    316            return 0;
   \                     ??GenericApp_ProcessEvent_9:
   \   0000A3   7A00         MOV     R2,#0x0
   \   0000A5   7B00         MOV     R3,#0x0
   \                     ??GenericApp_ProcessEvent_8:
   \   0000A7   7F04         MOV     R7,#0x4
   \   0000A9   02....       LJMP    ?BANKED_LEAVE_XDATA
    317          }
    318          
    319          /*********************************************************************
    320           * Event Generation Functions
    321           */
    322          
    323          /*********************************************************************
    324           * @fn      GenericApp_ProcessZDOMsgs()
    325           *
    326           * @brief   Process response messages
    327           *
    328           * @param   none
    329           *
    330           * @return  none
    331           */

   \                                 In  segment BANKED_CODE, align 1, keep-with-next
    332          void GenericApp_ProcessZDOMsgs( zdoIncomingMsg_t *inMsg )
   \                     GenericApp_ProcessZDOMsgs:
    333          {
   \   000000   74F6         MOV     A,#-0xa
   \   000002   12....       LCALL   ?BANKED_ENTER_XDATA
   \   000005                ; Saved register size: 10
   \   000005                ; Auto size: 0
    334            switch ( inMsg->clusterID )
   \   000005   EA           MOV     A,R2
   \   000006   240C         ADD     A,#0xc
   \   000008   F582         MOV     DPL,A
   \   00000A   EB           MOV     A,R3
   \   00000B   3400         ADDC    A,#0x0
   \   00000D   F583         MOV     DPH,A
   \   00000F   E0           MOVX    A,@DPTR
   \   000010   F5..         MOV     ?V0 + 0,A
   \   000012   A3           INC     DPTR
   \   000013   E0           MOVX    A,@DPTR
   \   000014   F5..         MOV     ?V0 + 1,A
   \   000016   78..         MOV     R0,#?V0 + 0
   \   000018   12....       LCALL   ?US_SWITCH_SPARSE
   \                     `?<Jumptable for GenericApp_ProcessZDOMsgs>_0`:
   \   00001B   0000         DW        0
   \   00001D   0200         DW        2
   \   00001F   0680         DW        32774
   \   000021   ....         DW        ??GenericApp_ProcessZDOMsgs_0
   \   000023   2080         DW        32800
   \   000025   ....         DW        ??GenericApp_ProcessZDOMsgs_1
   \   000027   ....         DW        ??GenericApp_ProcessZDOMsgs_2
    335            {
    336              case End_Device_Bind_rsp:
    337                if ( ZDO_ParseBindRsp( inMsg ) == ZSuccess )
   \                     ??GenericApp_ProcessZDOMsgs_1:
   \   000029   EA           MOV     A,R2
   \   00002A   2413         ADD     A,#0x13
   \   00002C   F582         MOV     DPL,A
   \   00002E   EB           MOV     A,R3
   \   00002F   3400         ADDC    A,#0x0
   \   000031   F583         MOV     DPH,A
   \   000033   E0           MOVX    A,@DPTR
   \   000034   F8           MOV     R0,A
   \   000035   A3           INC     DPTR
   \   000036   E0           MOVX    A,@DPTR
   \   000037   F583         MOV     DPH,A
   \   000039   8882         MOV     DPL,R0
   \   00003B   E0           MOVX    A,@DPTR
   \   00003C   7009         JNZ     ??GenericApp_ProcessZDOMsgs_3
    338                {
    339                  // Light LED
    340                  HalLedSet( HAL_LED_4, HAL_LED_MODE_ON );
   \   00003E                ; Setup parameters for call to function HalLedSet
   \   00003E   7A01         MOV     R2,#0x1
   \                     ??GenericApp_ProcessZDOMsgs_4:
   \   000040   7908         MOV     R1,#0x8
   \   000042   12....       LCALL   ??HalLedSet?relay
   \   000045   8053         SJMP    ??GenericApp_ProcessZDOMsgs_2
    341                }
    342          #if defined( BLINK_LEDS )
    343                else
    344                {
    345                  // Flash LED to show failure
    346                  HalLedSet ( HAL_LED_4, HAL_LED_MODE_FLASH );
   \                     ??GenericApp_ProcessZDOMsgs_3:
   \   000047                ; Setup parameters for call to function HalLedSet
   \   000047   7A04         MOV     R2,#0x4
   \   000049   80F5         SJMP    ??GenericApp_ProcessZDOMsgs_4
    347                }
    348          #endif
    349                break;
    350          
    351              case Match_Desc_rsp:
    352                {
    353                  ZDO_ActiveEndpointRsp_t *pRsp = ZDO_ParseEPListRsp( inMsg );
   \                     ??GenericApp_ProcessZDOMsgs_0:
   \   00004B                ; Setup parameters for call to function ZDO_ParseEPListRsp
   \   00004B   12....       LCALL   ??ZDO_ParseEPListRsp?relay
   \   00004E   8A..         MOV     ?V0 + 0,R2
   \   000050   8B..         MOV     ?V0 + 1,R3
   \   000052   AE..         MOV     R6,?V0 + 0
   \   000054   AF..         MOV     R7,?V0 + 1
    354                  if ( pRsp )
   \   000056   EE           MOV     A,R6
   \   000057   4F           ORL     A,R7
   \   000058   6040         JZ      ??GenericApp_ProcessZDOMsgs_2
    355                  {
    356                    if ( pRsp->status == ZSuccess && pRsp->cnt )
   \   00005A   8E82         MOV     DPL,R6
   \   00005C   8F83         MOV     DPH,R7
   \   00005E   E0           MOVX    A,@DPTR
   \   00005F   7032         JNZ     ??GenericApp_ProcessZDOMsgs_5
   \   000061   A3           INC     DPTR
   \   000062   A3           INC     DPTR
   \   000063   A3           INC     DPTR
   \   000064   E0           MOVX    A,@DPTR
   \   000065   602C         JZ      ??GenericApp_ProcessZDOMsgs_5
    357                    {
    358                      GenericApp_DstAddr.addrMode = (afAddrMode_t)Addr16Bit;
   \   000067   90....       MOV     DPTR,#GenericApp_DstAddr + 8
   \   00006A   7402         MOV     A,#0x2
   \   00006C   F0           MOVX    @DPTR,A
    359                      GenericApp_DstAddr.addr.shortAddr = pRsp->nwkAddr;
   \   00006D   8E82         MOV     DPL,R6
   \   00006F   8F83         MOV     DPH,R7
   \   000071   A3           INC     DPTR
   \   000072   E0           MOVX    A,@DPTR
   \   000073   F8           MOV     R0,A
   \   000074   A3           INC     DPTR
   \   000075   E0           MOVX    A,@DPTR
   \   000076   F9           MOV     R1,A
   \   000077   90....       MOV     DPTR,#GenericApp_DstAddr
   \   00007A   E8           MOV     A,R0
   \   00007B   F0           MOVX    @DPTR,A
   \   00007C   A3           INC     DPTR
   \   00007D   E9           MOV     A,R1
   \   00007E   F0           MOVX    @DPTR,A
    360                      // Take the first endpoint, Can be changed to search through endpoints
    361                      GenericApp_DstAddr.endPoint = pRsp->epList[0];
   \   00007F   8E82         MOV     DPL,R6
   \   000081   8F83         MOV     DPH,R7
   \   000083   A3           INC     DPTR
   \   000084   A3           INC     DPTR
   \   000085   A3           INC     DPTR
   \   000086   A3           INC     DPTR
   \   000087   E0           MOVX    A,@DPTR
   \   000088   90....       MOV     DPTR,#GenericApp_DstAddr + 9
   \   00008B   F0           MOVX    @DPTR,A
    362          
    363                      // Light LED
    364                      HalLedSet( HAL_LED_4, HAL_LED_MODE_ON );
   \   00008C                ; Setup parameters for call to function HalLedSet
   \   00008C   7A01         MOV     R2,#0x1
   \   00008E   7908         MOV     R1,#0x8
   \   000090   12....       LCALL   ??HalLedSet?relay
    365                    }
    366                    osal_mem_free( pRsp );
   \                     ??GenericApp_ProcessZDOMsgs_5:
   \   000093                ; Setup parameters for call to function osal_mem_free
   \   000093   EE           MOV     A,R6
   \   000094   FA           MOV     R2,A
   \   000095   EF           MOV     A,R7
   \   000096   FB           MOV     R3,A
   \   000097   12....       LCALL   ??osal_mem_free?relay
    367                  }
    368                }
    369                break;
    370            }
    371          }
   \                     ??GenericApp_ProcessZDOMsgs_2:
   \   00009A                REQUIRE ?Subroutine0
   \   00009A                ; // Fall through to label ?Subroutine0

   \                                 In  segment BANKED_CODE, align 1, keep-with-next
   \                     ?Subroutine0:
   \   000000   7F02         MOV     R7,#0x2
   \   000002   02....       LJMP    ?BANKED_LEAVE_XDATA
    372          
    373          /*********************************************************************
    374           * @fn      GenericApp_HandleKeys
    375           *
    376           * @brief   Handles all key events for this device.
    377           *
    378           * @param   shift - true if in shift/alt.
    379           * @param   keys - bit field for key events. Valid entries:
    380           *                 HAL_KEY_SW_4
    381           *                 HAL_KEY_SW_3
    382           *                 HAL_KEY_SW_2
    383           *                 HAL_KEY_SW_1
    384           *
    385           * @return  none
    386           */

   \                                 In  segment BANKED_CODE, align 1, keep-with-next
    387          void GenericApp_HandleKeys( byte shift, byte keys )
   \                     GenericApp_HandleKeys:
    388          {
   \   000000   74F5         MOV     A,#-0xb
   \   000002   12....       LCALL   ?BANKED_ENTER_XDATA
   \   000005                ; Saved register size: 11
   \   000005                ; Auto size: 9
   \   000005   74F7         MOV     A,#-0x9
   \   000007   12....       LCALL   ?ALLOC_XSTACK8
   \   00000A   E9           MOV     A,R1
   \   00000B   FE           MOV     R6,A
   \   00000C   EA           MOV     A,R2
   \   00000D   FF           MOV     R7,A
    389            zAddrType_t dstAddr;
    390          
    391            // Shift is used to make each button/switch dual purpose.
    392            if ( shift )
   \   00000E   EE           MOV     A,R6
   \   00000F   6003         JZ      $+5
   \   000011   02....       LJMP    ??GenericApp_HandleKeys_0 & 0xFFFF
    393            {
    394              if ( keys & HAL_KEY_SW_1 )
    395              {
    396              }
    397              if ( keys & HAL_KEY_SW_2 )
    398              {
    399              }
    400              if ( keys & HAL_KEY_SW_3 )
    401              {
    402              }
    403              if ( keys & HAL_KEY_SW_4 )
    404              {
    405              }
    406            }
    407            else
    408            {
    409              if ( keys & HAL_KEY_SW_1 )
    410              {
    411                // Since SW1 isn't used for anything else in this application...
    412          #if defined( SWITCH1_BIND )
    413                // we can use SW1 to simulate SW2 for devices that only have one switch,
    414                keys |= HAL_KEY_SW_2;
    415          #elif defined( SWITCH1_MATCH )
    416                // or use SW1 to simulate SW4 for devices that only have one switch
    417                keys |= HAL_KEY_SW_4;
    418          #endif
    419              }
    420          
    421              if ( keys & HAL_KEY_SW_2 )
   \   000014   EF           MOV     A,R7
   \   000015   A2E1         MOV     C,0xE0 /* A   */.1
   \   000017   506D         JNC     ??GenericApp_HandleKeys_1
    422              {
    423                HalLedSet ( HAL_LED_4, HAL_LED_MODE_OFF );
   \   000019                ; Setup parameters for call to function HalLedSet
   \   000019   7A00         MOV     R2,#0x0
   \   00001B   7908         MOV     R1,#0x8
   \   00001D   12....       LCALL   ??HalLedSet?relay
    424          
    425                // Initiate an End Device Bind Request for the mandatory endpoint
    426                dstAddr.addrMode = Addr16Bit;
   \   000020   7408         MOV     A,#0x8
   \   000022   12....       LCALL   ?XSTACK_DISP0_8
   \   000025   7402         MOV     A,#0x2
   \   000027   F0           MOVX    @DPTR,A
    427                dstAddr.addr.shortAddr = 0x0000; // Coordinator
   \   000028   85..82       MOV     DPL,?XSP + 0
   \   00002B   85..83       MOV     DPH,?XSP + 1
   \   00002E   E4           CLR     A
   \   00002F   F0           MOVX    @DPTR,A
   \   000030   A3           INC     DPTR
   \   000031   F0           MOVX    @DPTR,A
    428                ZDP_EndDeviceBindReq( &dstAddr, NLME_GetShortAddr(),
    429                                      GenericApp_epDesc.endPoint,
    430                                      GENERICAPP_PROFID,
    431                                      GENERICAPP_MAX_CLUSTERS, (cId_t *)GenericApp_ClusterList,
    432                                      GENERICAPP_MAX_CLUSTERS, (cId_t *)GenericApp_ClusterList,
    433                                      FALSE );
   \   000032                ; Setup parameters for call to function NLME_GetShortAddr
   \   000032   12....       LCALL   ??NLME_GetShortAddr?relay
   \   000035   8A..         MOV     ?V0 + 0,R2
   \   000037   8B..         MOV     ?V0 + 1,R3
   \   000039   AC..         MOV     R4,?V0 + 0
   \   00003B   AD..         MOV     R5,?V0 + 1
   \   00003D   75....       MOV     ?V0 + 0,#GenericApp_ClusterList & 0xff
   \   000040   75....       MOV     ?V0 + 1,#(GenericApp_ClusterList >> 8) & 0xff
   \   000043                ; Setup parameters for call to function ZDP_EndDeviceBindReq
   \   000043   75..00       MOV     ?V0 + 2,#0x0
   \   000046   78..         MOV     R0,#?V0 + 2
   \   000048   12....       LCALL   ?PUSH_XSTACK_I_ONE
   \   00004B   78..         MOV     R0,#?V0 + 0
   \   00004D   12....       LCALL   ?PUSH_XSTACK_I_TWO
   \   000050   75..01       MOV     ?V0 + 2,#0x1
   \   000053   78..         MOV     R0,#?V0 + 2
   \   000055   12....       LCALL   ?PUSH_XSTACK_I_ONE
   \   000058   78..         MOV     R0,#?V0 + 0
   \   00005A   12....       LCALL   ?PUSH_XSTACK_I_TWO
   \   00005D   75..01       MOV     ?V0 + 0,#0x1
   \   000060   78..         MOV     R0,#?V0 + 0
   \   000062   12....       LCALL   ?PUSH_XSTACK_I_ONE
   \   000065   75..04       MOV     ?V0 + 0,#0x4
   \   000068   75..0F       MOV     ?V0 + 1,#0xf
   \   00006B   78..         MOV     R0,#?V0 + 0
   \   00006D   12....       LCALL   ?PUSH_XSTACK_I_TWO
   \   000070   90....       MOV     DPTR,#GenericApp_epDesc
   \   000073   E0           MOVX    A,@DPTR
   \   000074   F9           MOV     R1,A
   \   000075   7409         MOV     A,#0x9
   \   000077   12....       LCALL   ?XSTACK_DISP0_8
   \   00007A   AA82         MOV     R2,DPL
   \   00007C   AB83         MOV     R3,DPH
   \   00007E   12....       LCALL   ??ZDP_EndDeviceBindReq?relay
   \   000081   7409         MOV     A,#0x9
   \   000083   12....       LCALL   ?DEALLOC_XSTACK8
    434              }
    435          
    436              if ( keys & HAL_KEY_SW_3 )
    437              {
    438              }
    439          
    440              if ( keys & HAL_KEY_SW_4 )
   \                     ??GenericApp_HandleKeys_1:
   \   000086   EF           MOV     A,R7
   \   000087   A2E3         MOV     C,0xE0 /* A   */.3
   \   000089   505C         JNC     ??GenericApp_HandleKeys_0
    441              {
    442                HalLedSet ( HAL_LED_4, HAL_LED_MODE_OFF );
   \   00008B                ; Setup parameters for call to function HalLedSet
   \   00008B   7A00         MOV     R2,#0x0
   \   00008D   7908         MOV     R1,#0x8
   \   00008F   12....       LCALL   ??HalLedSet?relay
    443                // Initiate a Match Description Request (Service Discovery)
    444                dstAddr.addrMode = AddrBroadcast;
   \   000092   7408         MOV     A,#0x8
   \   000094   12....       LCALL   ?XSTACK_DISP0_8
   \   000097   740F         MOV     A,#0xf
   \   000099   F0           MOVX    @DPTR,A
    445                dstAddr.addr.shortAddr = NWK_BROADCAST_SHORTADDR;
   \   00009A   85..82       MOV     DPL,?XSP + 0
   \   00009D   85..83       MOV     DPH,?XSP + 1
   \   0000A0   74FF         MOV     A,#-0x1
   \   0000A2   F0           MOVX    @DPTR,A
   \   0000A3   A3           INC     DPTR
   \   0000A4   F0           MOVX    @DPTR,A
    446                ZDP_MatchDescReq( &dstAddr, NWK_BROADCAST_SHORTADDR,
    447                                  GENERICAPP_PROFID,
    448                                  GENERICAPP_MAX_CLUSTERS, (cId_t *)GenericApp_ClusterList,
    449                                  GENERICAPP_MAX_CLUSTERS, (cId_t *)GenericApp_ClusterList,
    450                                  FALSE );
   \   0000A5   75....       MOV     ?V0 + 0,#GenericApp_ClusterList & 0xff
   \   0000A8   75....       MOV     ?V0 + 1,#(GenericApp_ClusterList >> 8) & 0xff
   \   0000AB                ; Setup parameters for call to function ZDP_MatchDescReq
   \   0000AB   75..00       MOV     ?V0 + 2,#0x0
   \   0000AE   78..         MOV     R0,#?V0 + 2
   \   0000B0   12....       LCALL   ?PUSH_XSTACK_I_ONE
   \   0000B3   78..         MOV     R0,#?V0 + 0
   \   0000B5   12....       LCALL   ?PUSH_XSTACK_I_TWO
   \   0000B8   75..01       MOV     ?V0 + 2,#0x1
   \   0000BB   78..         MOV     R0,#?V0 + 2
   \   0000BD   12....       LCALL   ?PUSH_XSTACK_I_ONE
   \   0000C0   78..         MOV     R0,#?V0 + 0
   \   0000C2   12....       LCALL   ?PUSH_XSTACK_I_TWO
   \   0000C5   75..04       MOV     ?V0 + 0,#0x4
   \   0000C8   75..0F       MOV     ?V0 + 1,#0xf
   \   0000CB   78..         MOV     R0,#?V0 + 0
   \   0000CD   12....       LCALL   ?PUSH_XSTACK_I_TWO
   \   0000D0   7901         MOV     R1,#0x1
   \   0000D2   7CFF         MOV     R4,#-0x1
   \   0000D4   7DFF         MOV     R5,#-0x1
   \   0000D6   7408         MOV     A,#0x8
   \   0000D8   12....       LCALL   ?XSTACK_DISP0_8
   \   0000DB   AA82         MOV     R2,DPL
   \   0000DD   AB83         MOV     R3,DPH
   \   0000DF   12....       LCALL   ??ZDP_MatchDescReq?relay
   \   0000E2   7408         MOV     A,#0x8
   \   0000E4   12....       LCALL   ?DEALLOC_XSTACK8
    451              }
    452            }
    453          }
   \                     ??GenericApp_HandleKeys_0:
   \   0000E7   7409         MOV     A,#0x9
   \   0000E9   12....       LCALL   ?DEALLOC_XSTACK8
   \   0000EC   7F03         MOV     R7,#0x3
   \   0000EE   02....       LJMP    ?BANKED_LEAVE_XDATA
    454          
    455          /*********************************************************************
    456           * LOCAL FUNCTIONS
    457           */
    458          
    459          /*********************************************************************
    460           * @fn      GenericApp_MessageMSGCB
    461           *
    462           * @brief   Data message processor callback.  This function processes
    463           *          any incoming data - probably from other devices.  So, based
    464           *          on cluster ID, perform the intended action.
    465           *
    466           * @param   none
    467           *
    468           * @return  none
    469           */

   \                                 In  segment BANKED_CODE, align 1, keep-with-next
    470          void GenericApp_MessageMSGCB( afIncomingMSGPacket_t *pkt )
   \                     GenericApp_MessageMSGCB:
    471          {
   \   000000                ; Saved register size: 0
   \   000000                ; Auto size: 0
    472            switch ( pkt->clusterId )
    473            {
    474              case GENERICAPP_CLUSTERID:
    475                // "the" message
    476          #if defined( LCD_SUPPORTED )
    477                HalLcdWriteScreen( (char*)pkt->cmd.Data, "rcvd" );
    478          #elif defined( WIN32 )
    479                WPRINTSTR( pkt->cmd.Data );
    480          #endif
    481                break;
    482            }
    483          }
   \   000000   02....       LJMP    ?BRET
    484          
    485          /*********************************************************************
    486           * @fn      GenericApp_SendTheMessage
    487           *
    488           * @brief   Send "the" message.
    489           *
    490           * @param   none
    491           *
    492           * @return  none
    493           */

   \                                 In  segment BANKED_CODE, align 1, keep-with-next
    494          void GenericApp_SendTheMessage( void )
   \                     GenericApp_SendTheMessage:
    495          {
   \   000000   74F6         MOV     A,#-0xa
   \   000002   12....       LCALL   ?BANKED_ENTER_XDATA
   \   000005                ; Saved register size: 10
   \   000005                ; Auto size: 12
   \   000005   74F4         MOV     A,#-0xc
   \   000007   12....       LCALL   ?ALLOC_XSTACK8
    496            char theMessageData[] = "Hello World";
   \   00000A   85..82       MOV     DPL,?XSP + 0
   \   00000D   85..83       MOV     DPH,?XSP + 1
   \   000010   AC82         MOV     R4,DPL
   \   000012   AD83         MOV     R5,DPH
   \   000014   7583..       MOV     DPH,#(`?<Constant "Hello World">` >> 8) & 0xff
   \   000017   7582..       MOV     DPL,#`?<Constant "Hello World">` & 0xff
   \   00001A   740C         MOV     A,#0xc
   \   00001C   12....       LCALL   ?MOVE_LONG8_XDATA_XDATA
    497          
    498            if ( AF_DataRequest( &GenericApp_DstAddr, &GenericApp_epDesc,
    499                                 GENERICAPP_CLUSTERID,
    500                                 (byte)osal_strlen( theMessageData ) + 1,
    501                                 (byte *)&theMessageData,
    502                                 &GenericApp_TransID,
    503                                 AF_DISCV_ROUTE, AF_DEFAULT_RADIUS ) == afStatus_SUCCESS )
   \   00001F                ; Setup parameters for call to function AF_DataRequest
   \   00001F   75..1E       MOV     ?V0 + 0,#0x1e
   \   000022   78..         MOV     R0,#?V0 + 0
   \   000024   12....       LCALL   ?PUSH_XSTACK_I_ONE
   \   000027   75....       MOV     ?V0 + 0,#GenericApp_TransID & 0xff
   \   00002A   75....       MOV     ?V0 + 1,#(GenericApp_TransID >> 8) & 0xff
   \   00002D   78..         MOV     R0,#?V0 + 0
   \   00002F   12....       LCALL   ?PUSH_XSTACK_I_TWO
   \   000032   7403         MOV     A,#0x3
   \   000034   12....       LCALL   ?XSTACK_DISP0_8
   \   000037   8582..       MOV     ?V0 + 0,DPL
   \   00003A   8583..       MOV     ?V0 + 1,DPH
   \   00003D   78..         MOV     R0,#?V0 + 0
   \   00003F   12....       LCALL   ?PUSH_XSTACK_I_TWO
   \   000042                ; Setup parameters for call to function osal_strlen
   \   000042   7405         MOV     A,#0x5
   \   000044   12....       LCALL   ?XSTACK_DISP0_8
   \   000047   AA82         MOV     R2,DPL
   \   000049   AB83         MOV     R3,DPH
   \   00004B   12....       LCALL   ??osal_strlen?relay
   \   00004E   EA           MOV     A,R2
   \   00004F   2401         ADD     A,#0x1
   \   000051   F5..         MOV     ?V0 + 0,A
   \   000053   E4           CLR     A
   \   000054   3400         ADDC    A,#0x0
   \   000056   F5..         MOV     ?V0 + 1,A
   \   000058   78..         MOV     R0,#?V0 + 0
   \   00005A   12....       LCALL   ?PUSH_XSTACK_I_TWO
   \   00005D   75..01       MOV     ?V0 + 0,#0x1
   \   000060   75..00       MOV     ?V0 + 1,#0x0
   \   000063   78..         MOV     R0,#?V0 + 0
   \   000065   12....       LCALL   ?PUSH_XSTACK_I_TWO
   \   000068   7920         MOV     R1,#0x20
   \   00006A   7C..         MOV     R4,#GenericApp_epDesc & 0xff
   \   00006C   7D..         MOV     R5,#(GenericApp_epDesc >> 8) & 0xff
   \   00006E   7A..         MOV     R2,#GenericApp_DstAddr & 0xff
   \   000070   7B..         MOV     R3,#(GenericApp_DstAddr >> 8) & 0xff
   \   000072   12....       LCALL   ??AF_DataRequest?relay
   \   000075   7409         MOV     A,#0x9
   \   000077   12....       LCALL   ?DEALLOC_XSTACK8
    504            {
    505              // Successfully requested to be sent.
    506            }
    507            else
    508            {
    509              // Error occurred in request to send.
    510            }
    511          }
   \   00007A   740C         MOV     A,#0xc
   \   00007C   12....       LCALL   ?DEALLOC_XSTACK8
   \   00007F   02....       LJMP    ?Subroutine0 & 0xFFFF

   \                                 In  segment BANK_RELAYS, align 1
   \                     ??GenericApp_Init?relay:
   \   000000   12....       LCALL   ?BDISPATCH
   \   000003   ......       DC24    GenericApp_Init

   \                                 In  segment BANK_RELAYS, align 1
   \                     ??GenericApp_ProcessEvent?relay:
   \   000000   12....       LCALL   ?BDISPATCH
   \   000003   ......       DC24    GenericApp_ProcessEvent

   \                                 In  segment BANK_RELAYS, align 1
   \                     ??GenericApp_ProcessZDOMsgs?relay:
   \   000000   12....       LCALL   ?BDISPATCH
   \   000003   ......       DC24    GenericApp_ProcessZDOMsgs

   \                                 In  segment BANK_RELAYS, align 1
   \                     ??GenericApp_HandleKeys?relay:
   \   000000   12....       LCALL   ?BDISPATCH
   \   000003   ......       DC24    GenericApp_HandleKeys

   \                                 In  segment BANK_RELAYS, align 1
   \                     ??GenericApp_MessageMSGCB?relay:
   \   000000   12....       LCALL   ?BDISPATCH
   \   000003   ......       DC24    GenericApp_MessageMSGCB

   \                                 In  segment BANK_RELAYS, align 1
   \                     ??GenericApp_SendTheMessage?relay:
   \   000000   12....       LCALL   ?BDISPATCH
   \   000003   ......       DC24    GenericApp_SendTheMessage

   \                                 In  segment XDATA_ROM_C, align 1
   \                     `?<Constant "Hello World">`:
   \   000000   48656C6C     DB "Hello World"
   \            6F20576F
   \            726C6400
    512          
    513          /*********************************************************************
    514          *********************************************************************/

   Maximum stack usage in bytes:

     Function                       ISTACK PSTACK XSTACK
     --------                       ------ ------ ------
     GenericApp_HandleKeys              0      0     41
       -> HalLedSet                     0      0     40
       -> NLME_GetShortAddr             0      0     40
       -> ZDP_EndDeviceBindReq          0      0     58
       -> HalLedSet                     0      0     40
       -> ZDP_MatchDescReq              0      0     56
     GenericApp_Init                    0      0      9
       -> afRegister                    0      0     18
       -> RegisterForKeys               0      0     18
       -> ZDO_RegisterForZDOMsg         0      0     18
       -> ZDO_RegisterForZDOMsg         0      0     18
     GenericApp_MessageMSGCB            0      0      0
     GenericApp_ProcessEvent            0      0     12
       -> osal_msg_receive              0      0     24
       -> osal_start_timerEx            0      0     24
       -> osal_msg_deallocate           0      0     24
       -> osal_msg_receive              0      0     24
       -> GenericApp_ProcessZDOMsgs     0      0     24
       -> GenericApp_HandleKeys         0      0     24
       -> GenericApp_SendTheMessage     0      0     24
       -> osal_start_timerEx            0      0     24
     GenericApp_ProcessZDOMsgs          0      0     22
       -> HalLedSet                     0      0     20
       -> HalLedSet                     0      0     20
       -> ZDO_ParseEPListRsp            0      0     20
       -> HalLedSet                     0      0     20
       -> osal_mem_free                 0      0     20
     GenericApp_SendTheMessage          2      0     43
       -> osal_strlen                   0      0     54
       -> AF_DataRequest                0      0     62


   Segment part sizes:

     Function/Label                    Bytes
     --------------                    -----
     GenericApp_ClusterList               2
     GenericApp_SimpleDesc               12
     GenericApp_epDesc                    6
     GenericApp_TaskID                    1
     GenericApp_NwkState                  1
     GenericApp_TransID                   1
     GenericApp_DstAddr                  12
     GenericApp_Init                    102
     GenericApp_ProcessEvent            172
     GenericApp_ProcessZDOMsgs          154
     ?Subroutine0                         5
     GenericApp_HandleKeys              241
     GenericApp_MessageMSGCB              3
     GenericApp_SendTheMessage          130
     ??GenericApp_Init?relay              6
     ??GenericApp_ProcessEvent?relay      6
     ??GenericApp_ProcessZDOMsgs?relay    6
     ??GenericApp_HandleKeys?relay        6
     ??GenericApp_MessageMSGCB?relay      6
     ??GenericApp_SendTheMessage?relay    6
     ?<Constant "Hello World">           12

 
 807 bytes in segment BANKED_CODE
  36 bytes in segment BANK_RELAYS
  26 bytes in segment XDATA_ROM_C
  21 bytes in segment XDATA_Z
 
 843 bytes of CODE  memory
  26 bytes of CONST memory
  21 bytes of XDATA memory

Errors: none
Warnings: none
